12/12/2016 4:02:13 PM The following sql failed:
12/12/2016 4:02:13 PM 
      SELECT S.*, B."Database" FROM "Sessions" S
      LEFT JOIN "Bursaries" B ON (S."ID_Bursary" = B."ID")
      WHERE "SessionId" = @prm_SessionId
    

Exception-----------------------------------------------
Date/Time:    12/12/2016 4:02:13 PM
Message:      A transport-level error has occurred when receiving results from the server. (provider: Session Provider, error: 19 - Physical connection is not usable)
Sender:       .Net SqlClient Data Provider
StackTrace:   at System.Data.SqlClient.SqlConnection.OnError(SqlException exception, Boolean breakConnection, Action`1 wrapCloseInAction)
   at System.Data.SqlClient.SqlInternalConnection.OnError(SqlException exception, Boolean breakConnection, Action`1 wrapCloseInAction)
   at System.Data.SqlClient.TdsParser.ThrowExceptionAndWarning(TdsParserStateObject stateObj, Boolean callerHasConnectionLock, Boolean asyncClose)
   at System.Data.SqlClient.TdsParserStateObject.ReadSniError(TdsParserStateObject stateObj, UInt32 error)
   at System.Data.SqlClient.TdsParserStateObject.ReadSniSyncOverAsync()
   at System.Data.SqlClient.TdsParserStateObject.TryReadNetworkPacket()
   at System.Data.SqlClient.TdsParserStateObject.TryPrepareBuffer()
   at System.Data.SqlClient.TdsParserStateObject.TryReadByte(Byte& value)
   at System.Data.SqlClient.TdsParser.TryRun(RunBehavior runBehavior, SqlCommand cmdHandler, SqlDataReader dataStream, BulkCopySimpleResultSet bulkCopyHandler, TdsParserStateObject stateObj, Boolean& dataReady)
   at System.Data.SqlClient.SqlDataReader.TryConsumeMetaData()
   at System.Data.SqlClient.SqlDataReader.get_MetaData()
   at System.Data.SqlClient.SqlCommand.FinishExecuteReader(SqlDataReader ds, RunBehavior runBehavior, String resetOptionsString)
   at System.Data.SqlClient.SqlCommand.RunExecuteReaderTds(CommandBehavior cmdBehavior, RunBehavior runBehavior, Boolean returnStream, Boolean async, Int32 timeout, Task& task, Boolean asyncWrite, SqlDataReader ds)
   at System.Data.SqlClient.SqlCommand.RunExecuteReader(CommandBehavior cmdBehavior, RunBehavior runBehavior, Boolean returnStream, String method, TaskCompletionSource`1 completion, Int32 timeout, Task& task, Boolean asyncWrite)
   at System.Data.SqlClient.SqlCommand.RunExecuteReader(CommandBehavior cmdBehavior, RunBehavior runBehavior, Boolean returnStream, String method)
   at System.Data.SqlClient.SqlCommand.ExecuteReader(CommandBehavior behavior, String method)
   at System.Data.SqlClient.SqlCommand.ExecuteDbDataReader(CommandBehavior behavior)
   at System.Data.Common.DbCommand.System.Data.IDbCommand.ExecuteReader(CommandBehavior behavior)
   at System.Data.Common.DbDataAdapter.FillInternal(DataSet dataset, DataTable[] datatables, Int32 startRecord, Int32 maxRecords, String srcTable, IDbCommand command, CommandBehavior behavior)
   at System.Data.Common.DbDataAdapter.Fill(DataSet dataSet, Int32 startRecord, Int32 maxRecords, String srcTable, IDbCommand command, CommandBehavior behavior)
   at System.Data.Common.DbDataAdapter.Fill(DataSet dataSet)
   at Business.DataModule.TDBMSSQLConnection.Select(String str_sql, TVariantList var_params) in d:\Projects\BRM\Implementation\WebServices\BRMDataReader\DataModule\DBMSSQLConnection.cs:line 235
Invoking Method:
++Name:            OnError
  Abstract:        False
  Assembly:        True
  Constructor:     False
  Family:          False
  Family&Assembly: False
  Famili!Assembly: False
  Final:           False
  HidebySig:       True
  Private:         False
  Public:          False
  SpecialName:     False
  Static:          False
  Virtual:         False
ENDException--------------------------------------------

12/22/2016 12:24:36 PM The following sql failed:
12/22/2016 12:24:36 PM 
		  INSERT INTO "ProcedureOptions" ("ID_Procedure", "Forms", "EconomicCapacity", "TechnicalCapacity", "ClarificationRequestsDeadline", "TendersReceiptDeadline", "TendersOpeningDate", "ContestationsSubmission", "OtherInformation", "Necessity")
		  VALUES (@prm_ID_Procedure, @prm_Forms, @prm_EconomicCapacity, @prm_TechnicalCapacity, @prm_ClarificationRequestsDeadline, @prm_TendersReceiptDeadline, @prm_TendersOpeningDate, @prm_ContestationsSubmission, @prm_OtherInformation, @prm_Necessity)
    

Exception-----------------------------------------------
Date/Time:    12/22/2016 12:24:36 PM
Message:      SqlDateTime overflow. Must be between 1/1/1753 12:00:00 AM and 12/31/9999 11:59:59 PM.
Sender:       System.Data
StackTrace:   at System.Data.SqlClient.TdsParser.TdsExecuteRPC(_SqlRPC[] rpcArray, Int32 timeout, Boolean inSchema, SqlNotificationRequest notificationRequest, TdsParserStateObject stateObj, Boolean isCommandProc, Boolean sync, TaskCompletionSource`1 completion, Int32 startRpc, Int32 startParam)
   at System.Data.SqlClient.SqlCommand.RunExecuteReaderTds(CommandBehavior cmdBehavior, RunBehavior runBehavior, Boolean returnStream, Boolean async, Int32 timeout, Task& task, Boolean asyncWrite, SqlDataReader ds)
   at System.Data.SqlClient.SqlCommand.RunExecuteReader(CommandBehavior cmdBehavior, RunBehavior runBehavior, Boolean returnStream, String method, TaskCompletionSource`1 completion, Int32 timeout, Task& task, Boolean asyncWrite)
   at System.Data.SqlClient.SqlCommand.InternalExecuteNonQuery(TaskCompletionSource`1 completion, String methodName, Boolean sendToPipe, Int32 timeout, Boolean asyncWrite)
   at System.Data.SqlClient.SqlCommand.ExecuteNonQuery()
   at Business.DataModule.TDBMSSQLConnection.Exec(String str_sql, TVariantList var_params) in d:\Projects\BRM\Implementation\WebServices\BRMDataReader\DataModule\DBMSSQLConnection.cs:line 301
Invoking Method:
++Name:            TdsExecuteRPC
  Abstract:        False
  Assembly:        True
  Constructor:     False
  Family:          False
  Family&Assembly: False
  Famili!Assembly: False
  Final:           False
  HidebySig:       True
  Private:         False
  Public:          False
  SpecialName:     False
  Static:          False
  Virtual:         False
ENDException--------------------------------------------

12/22/2016 12:36:56 PM The following sql failed:
12/22/2016 12:36:56 PM 
		  INSERT INTO "ProcedureOptions" ("ID_Procedure", "Forms", "EconomicCapacity", "TechnicalCapacity", "ClarificationRequestsDeadline", "TendersReceiptDeadline", "TendersOpeningDate", "ContestationsSubmission", "OtherInformation", "Necessity")
		  VALUES (@prm_ID_Procedure, @prm_Forms, @prm_EconomicCapacity, @prm_TechnicalCapacity, @prm_ClarificationRequestsDeadline, @prm_TendersReceiptDeadline, @prm_TendersOpeningDate, @prm_ContestationsSubmission, @prm_OtherInformation, @prm_Necessity)
    

Exception-----------------------------------------------
Date/Time:    12/22/2016 12:36:56 PM
Message:      SqlDateTime overflow. Must be between 1/1/1753 12:00:00 AM and 12/31/9999 11:59:59 PM.
Sender:       System.Data
StackTrace:   at System.Data.SqlClient.TdsParser.TdsExecuteRPC(_SqlRPC[] rpcArray, Int32 timeout, Boolean inSchema, SqlNotificationRequest notificationRequest, TdsParserStateObject stateObj, Boolean isCommandProc, Boolean sync, TaskCompletionSource`1 completion, Int32 startRpc, Int32 startParam)
   at System.Data.SqlClient.SqlCommand.RunExecuteReaderTds(CommandBehavior cmdBehavior, RunBehavior runBehavior, Boolean returnStream, Boolean async, Int32 timeout, Task& task, Boolean asyncWrite, SqlDataReader ds)
   at System.Data.SqlClient.SqlCommand.RunExecuteReader(CommandBehavior cmdBehavior, RunBehavior runBehavior, Boolean returnStream, String method, TaskCompletionSource`1 completion, Int32 timeout, Task& task, Boolean asyncWrite)
   at System.Data.SqlClient.SqlCommand.InternalExecuteNonQuery(TaskCompletionSource`1 completion, String methodName, Boolean sendToPipe, Int32 timeout, Boolean asyncWrite)
   at System.Data.SqlClient.SqlCommand.ExecuteNonQuery()
   at Business.DataModule.TDBMSSQLConnection.Exec(String str_sql, TVariantList var_params) in d:\Projects\BRM\Implementation\WebServices\BRMDataReader\DataModule\DBMSSQLConnection.cs:line 301
Invoking Method:
++Name:            TdsExecuteRPC
  Abstract:        False
  Assembly:        True
  Constructor:     False
  Family:          False
  Family&Assembly: False
  Famili!Assembly: False
  Final:           False
  HidebySig:       True
  Private:         False
  Public:          False
  SpecialName:     False
  Static:          False
  Virtual:         False
ENDException--------------------------------------------

12/28/2016 12:03:24 PM The following sql failed:
12/28/2016 12:03:24 PM 
		  INSERT INTO "ProcedureOptions" ("ID_Procedure", "Forms", "EconomicCapacity", "TechnicalCapacity", "ClarificationRequestsDeadline", "TendersReceiptDeadline", "TendersOpeningDate", "ContestationsSubmission", "OtherInformation", "Necessity")
		  VALUES (@prm_ID_Procedure, @prm_Forms, @prm_EconomicCapacity, @prm_TechnicalCapacity, @prm_ClarificationRequestsDeadline, @prm_TendersReceiptDeadline, @prm_TendersOpeningDate, @prm_ContestationsSubmission, @prm_OtherInformation, @prm_Necessity)
    

Exception-----------------------------------------------
Date/Time:    12/28/2016 12:03:24 PM
Message:      SqlDateTime overflow. Must be between 1/1/1753 12:00:00 AM and 12/31/9999 11:59:59 PM.
Sender:       System.Data
StackTrace:   at System.Data.SqlClient.TdsParser.TdsExecuteRPC(_SqlRPC[] rpcArray, Int32 timeout, Boolean inSchema, SqlNotificationRequest notificationRequest, TdsParserStateObject stateObj, Boolean isCommandProc, Boolean sync, TaskCompletionSource`1 completion, Int32 startRpc, Int32 startParam)
   at System.Data.SqlClient.SqlCommand.RunExecuteReaderTds(CommandBehavior cmdBehavior, RunBehavior runBehavior, Boolean returnStream, Boolean async, Int32 timeout, Task& task, Boolean asyncWrite, SqlDataReader ds)
   at System.Data.SqlClient.SqlCommand.RunExecuteReader(CommandBehavior cmdBehavior, RunBehavior runBehavior, Boolean returnStream, String method, TaskCompletionSource`1 completion, Int32 timeout, Task& task, Boolean asyncWrite)
   at System.Data.SqlClient.SqlCommand.InternalExecuteNonQuery(TaskCompletionSource`1 completion, String methodName, Boolean sendToPipe, Int32 timeout, Boolean asyncWrite)
   at System.Data.SqlClient.SqlCommand.ExecuteNonQuery()
   at Business.DataModule.TDBMSSQLConnection.Exec(String str_sql, TVariantList var_params) in d:\Projects\BRM\Implementation\WebServices\BRMDataReader\DataModule\DBMSSQLConnection.cs:line 301
Invoking Method:
++Name:            TdsExecuteRPC
  Abstract:        False
  Assembly:        True
  Constructor:     False
  Family:          False
  Family&Assembly: False
  Famili!Assembly: False
  Final:           False
  HidebySig:       True
  Private:         False
  Public:          False
  SpecialName:     False
  Static:          False
  Virtual:         False
ENDException--------------------------------------------

1/3/2017 4:01:54 AM The following sql failed:
1/3/2017 4:01:54 AM 
      SELECT * FROM dbo.SessionStatsDISPONIBIL(@prm_ID_Asset, @prm_ID_Broker)
    

Exception-----------------------------------------------
Date/Time:    1/3/2017 4:01:54 AM
Message:      Conversion failed when converting the varchar value 'ar trebuie sa fie si preturi negative' to data type bit.
Sender:       .Net SqlClient Data Provider
StackTrace:   at System.Data.SqlClient.SqlConnection.OnError(SqlException exception, Boolean breakConnection, Action`1 wrapCloseInAction)
   at System.Data.SqlClient.TdsParser.ThrowExceptionAndWarning(TdsParserStateObject stateObj, Boolean callerHasConnectionLock, Boolean asyncClose)
   at System.Data.SqlClient.TdsParser.TryRun(RunBehavior runBehavior, SqlCommand cmdHandler, SqlDataReader dataStream, BulkCopySimpleResultSet bulkCopyHandler, TdsParserStateObject stateObj, Boolean& dataReady)
   at System.Data.SqlClient.SqlDataReader.TryHasMoreRows(Boolean& moreRows)
   at System.Data.SqlClient.SqlDataReader.TryReadInternal(Boolean setTimeout, Boolean& more)
   at System.Data.SqlClient.SqlDataReader.Read()
   at System.Data.Common.DataAdapter.FillLoadDataRow(SchemaMapping mapping)
   at System.Data.Common.DataAdapter.FillFromReader(DataSet dataset, DataTable datatable, String srcTable, DataReaderContainer dataReader, Int32 startRecord, Int32 maxRecords, DataColumn parentChapterColumn, Object parentChapterValue)
   at System.Data.Common.DataAdapter.Fill(DataSet dataSet, String srcTable, IDataReader dataReader, Int32 startRecord, Int32 maxRecords)
   at System.Data.Common.DbDataAdapter.FillInternal(DataSet dataset, DataTable[] datatables, Int32 startRecord, Int32 maxRecords, String srcTable, IDbCommand command, CommandBehavior behavior)
   at System.Data.Common.DbDataAdapter.Fill(DataSet dataSet, Int32 startRecord, Int32 maxRecords, String srcTable, IDbCommand command, CommandBehavior behavior)
   at System.Data.Common.DbDataAdapter.Fill(DataSet dataSet)
   at Business.DataModule.TDBMSSQLConnection.Select(String str_sql, TVariantList var_params) in d:\Projects\BRM\Implementation\WebServices\BRMDataReader\DataModule\DBMSSQLConnection.cs:line 235
Invoking Method:
++Name:            OnError
  Abstract:        False
  Assembly:        True
  Constructor:     False
  Family:          False
  Family&Assembly: False
  Famili!Assembly: False
  Final:           False
  HidebySig:       True
  Private:         False
  Public:          False
  SpecialName:     False
  Static:          False
  Virtual:         False
ENDException--------------------------------------------

1/3/2017 4:02:32 AM The following sql failed:
1/3/2017 4:02:32 AM 
      SELECT * FROM dbo.SessionStatsDISPONIBIL(@prm_ID_Asset, @prm_ID_Broker)
    

Exception-----------------------------------------------
Date/Time:    1/3/2017 4:02:32 AM
Message:      Conversion failed when converting the varchar value 'ar trebuie sa fie si preturi negative' to data type bit.
Sender:       .Net SqlClient Data Provider
StackTrace:   at System.Data.SqlClient.SqlConnection.OnError(SqlException exception, Boolean breakConnection, Action`1 wrapCloseInAction)
   at System.Data.SqlClient.TdsParser.ThrowExceptionAndWarning(TdsParserStateObject stateObj, Boolean callerHasConnectionLock, Boolean asyncClose)
   at System.Data.SqlClient.TdsParser.TryRun(RunBehavior runBehavior, SqlCommand cmdHandler, SqlDataReader dataStream, BulkCopySimpleResultSet bulkCopyHandler, TdsParserStateObject stateObj, Boolean& dataReady)
   at System.Data.SqlClient.SqlDataReader.TryHasMoreRows(Boolean& moreRows)
   at System.Data.SqlClient.SqlDataReader.TryReadInternal(Boolean setTimeout, Boolean& more)
   at System.Data.SqlClient.SqlDataReader.Read()
   at System.Data.Common.DataAdapter.FillLoadDataRow(SchemaMapping mapping)
   at System.Data.Common.DataAdapter.FillFromReader(DataSet dataset, DataTable datatable, String srcTable, DataReaderContainer dataReader, Int32 startRecord, Int32 maxRecords, DataColumn parentChapterColumn, Object parentChapterValue)
   at System.Data.Common.DataAdapter.Fill(DataSet dataSet, String srcTable, IDataReader dataReader, Int32 startRecord, Int32 maxRecords)
   at System.Data.Common.DbDataAdapter.FillInternal(DataSet dataset, DataTable[] datatables, Int32 startRecord, Int32 maxRecords, String srcTable, IDbCommand command, CommandBehavior behavior)
   at System.Data.Common.DbDataAdapter.Fill(DataSet dataSet, Int32 startRecord, Int32 maxRecords, String srcTable, IDbCommand command, CommandBehavior behavior)
   at System.Data.Common.DbDataAdapter.Fill(DataSet dataSet)
   at Business.DataModule.TDBMSSQLConnection.Select(String str_sql, TVariantList var_params) in d:\Projects\BRM\Implementation\WebServices\BRMDataReader\DataModule\DBMSSQLConnection.cs:line 235
Invoking Method:
++Name:            OnError
  Abstract:        False
  Assembly:        True
  Constructor:     False
  Family:          False
  Family&Assembly: False
  Famili!Assembly: False
  Final:           False
  HidebySig:       True
  Private:         False
  Public:          False
  SpecialName:     False
  Static:          False
  Virtual:         False
ENDException--------------------------------------------

1/3/2017 4:40:44 AM The following sql failed:
1/3/2017 4:40:44 AM 
      SELECT * FROM dbo.SessionStatsDISPONIBIL(@prm_ID_Asset, @prm_ID_Broker)
    

Exception-----------------------------------------------
Date/Time:    1/3/2017 4:40:44 AM
Message:      Conversion failed when converting the varchar value 'ar trebuie sa fie si preturi negative' to data type bit.
Sender:       .Net SqlClient Data Provider
StackTrace:   at System.Data.SqlClient.SqlConnection.OnError(SqlException exception, Boolean breakConnection, Action`1 wrapCloseInAction)
   at System.Data.SqlClient.TdsParser.ThrowExceptionAndWarning(TdsParserStateObject stateObj, Boolean callerHasConnectionLock, Boolean asyncClose)
   at System.Data.SqlClient.TdsParser.TryRun(RunBehavior runBehavior, SqlCommand cmdHandler, SqlDataReader dataStream, BulkCopySimpleResultSet bulkCopyHandler, TdsParserStateObject stateObj, Boolean& dataReady)
   at System.Data.SqlClient.SqlDataReader.TryHasMoreRows(Boolean& moreRows)
   at System.Data.SqlClient.SqlDataReader.TryReadInternal(Boolean setTimeout, Boolean& more)
   at System.Data.SqlClient.SqlDataReader.Read()
   at System.Data.Common.DataAdapter.FillLoadDataRow(SchemaMapping mapping)
   at System.Data.Common.DataAdapter.FillFromReader(DataSet dataset, DataTable datatable, String srcTable, DataReaderContainer dataReader, Int32 startRecord, Int32 maxRecords, DataColumn parentChapterColumn, Object parentChapterValue)
   at System.Data.Common.DataAdapter.Fill(DataSet dataSet, String srcTable, IDataReader dataReader, Int32 startRecord, Int32 maxRecords)
   at System.Data.Common.DbDataAdapter.FillInternal(DataSet dataset, DataTable[] datatables, Int32 startRecord, Int32 maxRecords, String srcTable, IDbCommand command, CommandBehavior behavior)
   at System.Data.Common.DbDataAdapter.Fill(DataSet dataSet, Int32 startRecord, Int32 maxRecords, String srcTable, IDbCommand command, CommandBehavior behavior)
   at System.Data.Common.DbDataAdapter.Fill(DataSet dataSet)
   at Business.DataModule.TDBMSSQLConnection.Select(String str_sql, TVariantList var_params) in d:\Projects\BRM\Implementation\WebServices\BRMDataReader\DataModule\DBMSSQLConnection.cs:line 235
Invoking Method:
++Name:            OnError
  Abstract:        False
  Assembly:        True
  Constructor:     False
  Family:          False
  Family&Assembly: False
  Famili!Assembly: False
  Final:           False
  HidebySig:       True
  Private:         False
  Public:          False
  SpecialName:     False
  Static:          False
  Virtual:         False
ENDException--------------------------------------------

1/3/2017 11:03:19 AM The following sql failed:
1/3/2017 11:03:19 AM 
      SELECT * FROM dbo.SessionStatsDISPONIBIL(@prm_ID_Asset, @prm_ID_Broker)
    

Exception-----------------------------------------------
Date/Time:    1/3/2017 11:03:19 AM
Message:      Conversion failed when converting the varchar value 'ar trebuie sa fie si preturi negative' to data type bit.
Sender:       .Net SqlClient Data Provider
StackTrace:   at System.Data.SqlClient.SqlConnection.OnError(SqlException exception, Boolean breakConnection, Action`1 wrapCloseInAction)
   at System.Data.SqlClient.SqlInternalConnection.OnError(SqlException exception, Boolean breakConnection, Action`1 wrapCloseInAction)
   at System.Data.SqlClient.TdsParser.ThrowExceptionAndWarning(TdsParserStateObject stateObj, Boolean callerHasConnectionLock, Boolean asyncClose)
   at System.Data.SqlClient.TdsParser.TryRun(RunBehavior runBehavior, SqlCommand cmdHandler, SqlDataReader dataStream, BulkCopySimpleResultSet bulkCopyHandler, TdsParserStateObject stateObj, Boolean& dataReady)
   at System.Data.SqlClient.SqlDataReader.TryHasMoreRows(Boolean& moreRows)
   at System.Data.SqlClient.SqlDataReader.TryReadInternal(Boolean setTimeout, Boolean& more)
   at System.Data.SqlClient.SqlDataReader.Read()
   at System.Data.Common.DataAdapter.FillLoadDataRow(SchemaMapping mapping)
   at System.Data.Common.DataAdapter.FillFromReader(DataSet dataset, DataTable datatable, String srcTable, DataReaderContainer dataReader, Int32 startRecord, Int32 maxRecords, DataColumn parentChapterColumn, Object parentChapterValue)
   at System.Data.Common.DataAdapter.Fill(DataSet dataSet, String srcTable, IDataReader dataReader, Int32 startRecord, Int32 maxRecords)
   at System.Data.Common.DbDataAdapter.FillInternal(DataSet dataset, DataTable[] datatables, Int32 startRecord, Int32 maxRecords, String srcTable, IDbCommand command, CommandBehavior behavior)
   at System.Data.Common.DbDataAdapter.Fill(DataSet dataSet, Int32 startRecord, Int32 maxRecords, String srcTable, IDbCommand command, CommandBehavior behavior)
   at System.Data.Common.DbDataAdapter.Fill(DataSet dataSet)
   at Business.DataModule.TDBMSSQLConnection.Select(String str_sql, TVariantList var_params) in d:\Projects\BRM\Implementation\WebServices\BRMDataReader\DataModule\DBMSSQLConnection.cs:line 235
Invoking Method:
++Name:            OnError
  Abstract:        False
  Assembly:        True
  Constructor:     False
  Family:          False
  Family&Assembly: False
  Famili!Assembly: False
  Final:           False
  HidebySig:       True
  Private:         False
  Public:          False
  SpecialName:     False
  Static:          False
  Virtual:         False
ENDException--------------------------------------------

1/3/2017 11:10:15 AM The following sql failed:
1/3/2017 11:10:15 AM 
      SELECT * FROM dbo.SessionStatsDISPONIBIL(@prm_ID_Asset, @prm_ID_Broker)
    

Exception-----------------------------------------------
Date/Time:    1/3/2017 11:10:15 AM
Message:      Conversion failed when converting the varchar value 'ar trebuie sa fie si preturi negative' to data type bit.
Sender:       .Net SqlClient Data Provider
StackTrace:   at System.Data.SqlClient.SqlConnection.OnError(SqlException exception, Boolean breakConnection, Action`1 wrapCloseInAction)
   at System.Data.SqlClient.SqlInternalConnection.OnError(SqlException exception, Boolean breakConnection, Action`1 wrapCloseInAction)
   at System.Data.SqlClient.TdsParser.ThrowExceptionAndWarning(TdsParserStateObject stateObj, Boolean callerHasConnectionLock, Boolean asyncClose)
   at System.Data.SqlClient.TdsParser.TryRun(RunBehavior runBehavior, SqlCommand cmdHandler, SqlDataReader dataStream, BulkCopySimpleResultSet bulkCopyHandler, TdsParserStateObject stateObj, Boolean& dataReady)
   at System.Data.SqlClient.SqlDataReader.TryHasMoreRows(Boolean& moreRows)
   at System.Data.SqlClient.SqlDataReader.TryReadInternal(Boolean setTimeout, Boolean& more)
   at System.Data.SqlClient.SqlDataReader.Read()
   at System.Data.Common.DataAdapter.FillLoadDataRow(SchemaMapping mapping)
   at System.Data.Common.DataAdapter.FillFromReader(DataSet dataset, DataTable datatable, String srcTable, DataReaderContainer dataReader, Int32 startRecord, Int32 maxRecords, DataColumn parentChapterColumn, Object parentChapterValue)
   at System.Data.Common.DataAdapter.Fill(DataSet dataSet, String srcTable, IDataReader dataReader, Int32 startRecord, Int32 maxRecords)
   at System.Data.Common.DbDataAdapter.FillInternal(DataSet dataset, DataTable[] datatables, Int32 startRecord, Int32 maxRecords, String srcTable, IDbCommand command, CommandBehavior behavior)
   at System.Data.Common.DbDataAdapter.Fill(DataSet dataSet, Int32 startRecord, Int32 maxRecords, String srcTable, IDbCommand command, CommandBehavior behavior)
   at System.Data.Common.DbDataAdapter.Fill(DataSet dataSet)
   at Business.DataModule.TDBMSSQLConnection.Select(String str_sql, TVariantList var_params) in d:\Projects\BRM\Implementation\WebServices\BRMDataReader\DataModule\DBMSSQLConnection.cs:line 235
Invoking Method:
++Name:            OnError
  Abstract:        False
  Assembly:        True
  Constructor:     False
  Family:          False
  Family&Assembly: False
  Famili!Assembly: False
  Final:           False
  HidebySig:       True
  Private:         False
  Public:          False
  SpecialName:     False
  Static:          False
  Virtual:         False
ENDException--------------------------------------------

1/18/2017 12:31:48 PM The following sql failed:
1/18/2017 12:31:48 PM 
      INSERT INTO "ProcedureDocuments" ("ID_Procedure", "Name", "DateCreated", "LastModifiedDate", "ID_CreatedByUser", "DocumentURL", "FileName", "Value")
      VALUES (@prm_ID_Procedure, @prm_Name, @prm_DateCreated, @prm_LastModifiedDate, @prm_ID_CreatedByUser", @prm_DocumentURL, @prm_FileName, @prm_Value)
    

Exception-----------------------------------------------
Date/Time:    1/18/2017 12:31:48 PM
Message:      Unclosed quotation mark after the character string ', @prm_DocumentURL, @prm_FileName, @prm_Value)
    '.
Incorrect syntax near ', @prm_DocumentURL, @prm_FileName, @prm_Value)
    '.
Sender:       .Net SqlClient Data Provider
StackTrace:   at System.Data.SqlClient.SqlConnection.OnError(SqlException exception, Boolean breakConnection, Action`1 wrapCloseInAction)
   at System.Data.SqlClient.SqlInternalConnection.OnError(SqlException exception, Boolean breakConnection, Action`1 wrapCloseInAction)
   at System.Data.SqlClient.TdsParser.ThrowExceptionAndWarning(TdsParserStateObject stateObj, Boolean callerHasConnectionLock, Boolean asyncClose)
   at System.Data.SqlClient.TdsParser.TryRun(RunBehavior runBehavior, SqlCommand cmdHandler, SqlDataReader dataStream, BulkCopySimpleResultSet bulkCopyHandler, TdsParserStateObject stateObj, Boolean& dataReady)
   at System.Data.SqlClient.SqlCommand.FinishExecuteReader(SqlDataReader ds, RunBehavior runBehavior, String resetOptionsString)
   at System.Data.SqlClient.SqlCommand.RunExecuteReaderTds(CommandBehavior cmdBehavior, RunBehavior runBehavior, Boolean returnStream, Boolean async, Int32 timeout, Task& task, Boolean asyncWrite, SqlDataReader ds)
   at System.Data.SqlClient.SqlCommand.RunExecuteReader(CommandBehavior cmdBehavior, RunBehavior runBehavior, Boolean returnStream, String method, TaskCompletionSource`1 completion, Int32 timeout, Task& task, Boolean asyncWrite)
   at System.Data.SqlClient.SqlCommand.InternalExecuteNonQuery(TaskCompletionSource`1 completion, String methodName, Boolean sendToPipe, Int32 timeout, Boolean asyncWrite)
   at System.Data.SqlClient.SqlCommand.ExecuteNonQuery()
   at Business.DataModule.TDBMSSQLConnection.Exec(String str_sql, TVariantList var_params) in d:\Projects\BRM\Implementation\WebServices\BRMDataReader\DataModule\DBMSSQLConnection.cs:line 301
Invoking Method:
++Name:            OnError
  Abstract:        False
  Assembly:        True
  Constructor:     False
  Family:          False
  Family&Assembly: False
  Famili!Assembly: False
  Final:           False
  HidebySig:       True
  Private:         False
  Public:          False
  SpecialName:     False
  Static:          False
  Virtual:         False
ENDException--------------------------------------------

